Using pre-set license
Built from '2022.3/release' branch; Version is '2022.3.12f1 (4fe6e059c7ef) revision 5236448'; Using compiler version '192829333'; Build Type 'Release'
OS: 'Windows 10  (10.0.19042) 64bit Professional' Language: 'pt' Physical Memory: 16349 MB
BatchMode: 1, IsHumanControllingUs: 0, StartBugReporterOnCrash: 0, Is64bit: 1, IsPro: 1

COMMAND LINE ARGUMENTS:
C:\Program Files\Unity\Hub\Editor\2022.3.12f1\Editor\Unity.exe
-adb2
-batchMode
-noUpm
-name
AssetImportWorker3
-projectPath
C:/Users/ITX-GAMER/Documents/GitHub/EntityCreator
-logFile
Logs/AssetImportWorker3.log
-srvPort
51411
Successfully changed project path to: C:/Users/ITX-GAMER/Documents/GitHub/EntityCreator
C:/Users/ITX-GAMER/Documents/GitHub/EntityCreator
[UnityMemory] Configuration Parameters - Can be set up in boot.config
    "memorysetup-bucket-allocator-granularity=16"
    "memorysetup-bucket-allocator-bucket-count=8"
    "memorysetup-bucket-allocator-block-size=33554432"
    "memorysetup-bucket-allocator-block-count=8"
    "memorysetup-main-allocator-block-size=16777216"
    "memorysetup-thread-allocator-block-size=16777216"
    "memorysetup-gfx-main-allocator-block-size=16777216"
    "memorysetup-gfx-thread-allocator-block-size=16777216"
    "memorysetup-cache-allocator-block-size=4194304"
    "memorysetup-typetree-allocator-block-size=2097152"
    "memorysetup-profiler-bucket-allocator-granularity=16"
    "memorysetup-profiler-bucket-allocator-bucket-count=8"
    "memorysetup-profiler-bucket-allocator-block-size=33554432"
    "memorysetup-profiler-bucket-allocator-block-count=8"
    "memorysetup-profiler-allocator-block-size=16777216"
    "memorysetup-profiler-editor-allocator-block-size=1048576"
    "memorysetup-temp-allocator-size-main=16777216"
    "memorysetup-job-temp-allocator-block-size=2097152"
    "memorysetup-job-temp-allocator-block-size-background=1048576"
    "memorysetup-job-temp-allocator-reduction-small-platforms=262144"
    "memorysetup-allocator-temp-initial-block-size-main=262144"
    "memorysetup-allocator-temp-initial-block-size-worker=262144"
    "memorysetup-temp-allocator-size-background-worker=32768"
    "memorysetup-temp-allocator-size-job-worker=262144"
    "memorysetup-temp-allocator-size-preload-manager=33554432"
    "memorysetup-temp-allocator-size-nav-mesh-worker=65536"
    "memorysetup-temp-allocator-size-audio-worker=65536"
    "memorysetup-temp-allocator-size-cloud-worker=32768"
    "memorysetup-temp-allocator-size-gi-baking-worker=262144"
    "memorysetup-temp-allocator-size-gfx=262144"
Player connection [20016] Host "[IP] 192.168.15.156 [Port] 0 [Flags] 2 [Guid] 329304543 [EditorId] 329304543 [Version] 1048832 [Id] WindowsEditor(7,DESKTOP-LCMCQS3) [Debug] 1 [PackageName] WindowsEditor [ProjectName] Editor" joined multi-casting on [225.0.0.222:54997]...

Player connection [20016] Host "[IP] 192.168.15.156 [Port] 0 [Flags] 2 [Guid] 329304543 [EditorId] 329304543 [Version] 1048832 [Id] WindowsEditor(7,DESKTOP-LCMCQS3) [Debug] 1 [PackageName] WindowsEditor [ProjectName] Editor" joined alternative multi-casting on [225.0.0.222:34997]...

[Physics::Module] Initialized MultithreadedJobDispatcher with 3 workers.
Refreshing native plugins compatible for Editor in 524.41 ms, found 3 plugins.
Preloading 0 native plugins for Editor in 0.00 ms.
Initialize engine version: 2022.3.12f1 (4fe6e059c7ef)
[Subsystems] Discovering subsystems at path C:/Program Files/Unity/Hub/Editor/2022.3.12f1/Editor/Data/Resources/UnitySubsystems
[Subsystems] Discovering subsystems at path C:/Users/ITX-GAMER/Documents/GitHub/EntityCreator/Assets
GfxDevice: creating device client; threaded=0; jobified=0
Direct3D:
    Version:  Direct3D 11.0 [level 11.1]
    Renderer: NVIDIA GeForce GTX 1050 Ti (ID=0x1c82)
    Vendor:   NVIDIA
    VRAM:     4018 MB
    Driver:   27.21.14.5751
Initialize mono
Mono path[0] = 'C:/Program Files/Unity/Hub/Editor/2022.3.12f1/Editor/Data/Managed'
Mono path[1] = 'C:/Program Files/Unity/Hub/Editor/2022.3.12f1/Editor/Data/MonoBleedingEdge/lib/mono/unityjit-win32'
Mono config path = 'C:/Program Files/Unity/Hub/Editor/2022.3.12f1/Editor/Data/MonoBleedingEdge/etc'
Using monoOptions --debugger-agent=transport=dt_socket,embedding=1,server=y,suspend=n,address=127.0.0.1:56752
Begin MonoManager ReloadAssembly
Registering precompiled unity dll's ...
Register platform support module: C:/Program Files/Unity/Hub/Editor/2022.3.12f1/Editor/Data/PlaybackEngines/WebGLSupport/UnityEditor.WebGL.Extensions.dll
Register platform support module: C:/Program Files/Unity/Hub/Editor/2022.3.12f1/Editor/Data/PlaybackEngines/AndroidPlayer/UnityEditor.Android.Extensions.dll
Register platform support module: C:/Program Files/Unity/Hub/Editor/2022.3.12f1/Editor/Data/PlaybackEngines/WindowsStandaloneSupport/UnityEditor.WindowsStandalone.Extensions.dll
Registered in 0.044570 seconds.
- Loaded All Assemblies, in  1.047 seconds
Native extension for WindowsStandalone target not found
Native extension for Android target not found
Native extension for WebGL target not found
Mono: successfully reloaded assembly
- Finished resetting the current domain, in  1.077 seconds
Domain Reload Profiling: 2117ms
	BeginReloadAssembly (273ms)
		ExecutionOrderSort (0ms)
		DisableScriptedObjects (0ms)
		BackupInstance (0ms)
		ReleaseScriptingObjects (0ms)
		CreateAndSetChildDomain (1ms)
	RebuildCommonClasses (78ms)
	RebuildNativeTypeToScriptingClass (23ms)
	initialDomainReloadingComplete (176ms)
	LoadAllAssembliesAndSetupDomain (489ms)
		LoadAssemblies (269ms)
		RebuildTransferFunctionScriptingTraits (0ms)
		AnalyzeDomain (482ms)
			TypeCache.Refresh (480ms)
				TypeCache.ScanAssembly (452ms)
			ScanForSourceGeneratedMonoScriptInfo (1ms)
			ResolveRequiredComponents (1ms)
	FinalizeReload (1078ms)
		ReleaseScriptCaches (0ms)
		RebuildScriptCaches (0ms)
		SetupLoadedEditorAssemblies (883ms)
			LogAssemblyErrors (0ms)
			InitializePlatformSupportModulesInManaged (208ms)
			SetLoadedEditorAssemblies (10ms)
			RefreshPlugins (0ms)
			BeforeProcessingInitializeOnLoad (6ms)
			ProcessInitializeOnLoadAttributes (436ms)
			ProcessInitializeOnLoadMethodAttributes (223ms)
			AfterProcessingInitializeOnLoad (0ms)
			EditorAssembliesLoaded (0ms)
		ExecutionOrderSort2 (0ms)
		AwakeInstancesAfterBackupRestoration (0ms)
========================================================================
Worker process is ready to serve import requests
Begin MonoManager ReloadAssembly
Symbol file LoadedFromMemory is not a mono symbol file
- Loaded All Assemblies, in  1.393 seconds
Refreshing native plugins compatible for Editor in 13.38 ms, found 3 plugins.
Native extension for WindowsStandalone target not found
Native extension for Android target not found
Native extension for WebGL target not found
Package Manager log level set to [2]
[Package Manager] Server::EnsureServerProcessIsRunning -- launch failed, reason: Unity was launched with the -noUpm command-line argument
[Package Manager] UpmClient::Send -- Unable to send message (not connected to UPM process).
[Package Manager] Cannot connect to Unity Package Manager local server
Mono: successfully reloaded assembly
- Finished resetting the current domain, in  1.786 seconds
Domain Reload Profiling: 3168ms
	BeginReloadAssembly (212ms)
		ExecutionOrderSort (0ms)
		DisableScriptedObjects (7ms)
		BackupInstance (0ms)
		ReleaseScriptingObjects (0ms)
		CreateAndSetChildDomain (26ms)
	RebuildCommonClasses (48ms)
	RebuildNativeTypeToScriptingClass (13ms)
	initialDomainReloadingComplete (67ms)
	LoadAllAssembliesAndSetupDomain (1040ms)
		LoadAssemblies (680ms)
		RebuildTransferFunctionScriptingTraits (0ms)
		AnalyzeDomain (493ms)
			TypeCache.Refresh (426ms)
				TypeCache.ScanAssembly (346ms)
			ScanForSourceGeneratedMonoScriptInfo (47ms)
			ResolveRequiredComponents (18ms)
	FinalizeReload (1788ms)
		ReleaseScriptCaches (0ms)
		RebuildScriptCaches (0ms)
		SetupLoadedEditorAssemblies (1462ms)
			LogAssemblyErrors (0ms)
			InitializePlatformSupportModulesInManaged (44ms)
			SetLoadedEditorAssemblies (8ms)
			RefreshPlugins (0ms)
			BeforeProcessingInitializeOnLoad (212ms)
			ProcessInitializeOnLoadAttributes (1038ms)
			ProcessInitializeOnLoadMethodAttributes (136ms)
			AfterProcessingInitializeOnLoad (25ms)
			EditorAssembliesLoaded (0ms)
		ExecutionOrderSort2 (0ms)
		AwakeInstancesAfterBackupRestoration (10ms)
Launched and connected shader compiler UnityShaderCompiler.exe after 0.10 seconds
Refreshing native plugins compatible for Editor in 15.63 ms, found 3 plugins.
Preloading 0 native plugins for Editor in 0.00 ms.
Unloading 5773 Unused Serialized files (Serialized files now loaded: 0)
Unloading 103 unused Assets / (423.2 KB). Loaded Objects now: 6245.
Memory consumption went from 232.2 MB to 231.8 MB.
Total: 10.238300 ms (FindLiveObjects: 1.116200 ms CreateObjectMapping: 0.859700 ms MarkObjects: 7.477900 ms  DeleteObjects: 0.778200 ms)

AssetImportParameters requested are different than current active one (requested -> active):
  custom:scripting/monoscript/fileName/WorldObjectBehaviour.cs: b9d355b7669052715e80516e510754bf -> 
  custom:container-demuxer-ogg: 62fdf1f143b41e24485cea50d1cbac27 -> 
  custom:scripting/monoscript/fileName/ObjectInstantiationInEditMode.cs: 62eae16549db141c1c7f4521d6b3c85d -> 22fb6bb7b712edb0a25cea396953fae1
  custom:scripting/monoscript/fileName/DeformerRaycastBehaviour.cs: 53705e861c8b561ac10bf2fd175e0b5f -> c3e991dd14d2cbaaa57f5718b7b86634
  custom:video-decoder-ogg-theora: a1e56fd34408186e4bbccfd4996cb3dc -> 
  custom:framework-win-MediaFoundation: 216162199b28c13a410421893ffa2e32 -> 
  custom:scripting/monoscript/fileName/CollisionTest.cs: 620015d589c27f56247e8af9f26bcbb0 -> 753de00a788599f4c888bbab1564b46b
  custom:CustomObjectIndexerAttribute: a3ef5dd2817f97addfee359851a9dba5 -> 
  custom:container-demuxer-webm: 4f35f7cbe854078d1ac9338744f61a02 -> 
  custom:container-muxer-webm: aa71ff27fc2769a1b78a27578f13a17b -> 
  custom:video-decoder-webm-vp8: 9c59270c3fd7afecdb556c50c9e8de78 -> 
  custom:SearchIndexIgnoredProperties: e643bd26f0fe6173181afceb89e7c659 -> 
  custom:AudioImporter_EditorPlatform: d09bf68614088b80899f8185d706f6e7 -> 
  custom:scripting/monoscript/fileName/UIExometricBullet.cs: 3632acd24a17371c47d4035e2d8fdd43 -> 2a6f687fe202bfa7629f5425508636f7
  custom:scripting/monoscript/fileName/AtirarBola.cs: d259c3fb8a711b6be4d7881c8096bf80 -> 2d53b7f7335d788c2979182b08505116
  custom:scripting/monoscript/fileName/ObjectInstantiationEditor.cs: 9f3113c440321366e673ea0bd9c1f641 -> 089cda8b74284a7db0d0033bb3a2dde7
  custom:video-encoder-webm-vp8: eb34c28f22e8b96e1ab97ce403110664 -> 
  custom:audio-decoder-ogg-vorbis: bf7c407c2cedff20999df2af8eb42d56 -> 
  custom:scripting/monoscript/fileName/BallBehaviour.cs: 42ab7467bbf3e1c2349a12cd4c07d032 -> b8911b7374aaa07483aeb1bb5f9ffb57
  custom:scripting/monoscript/fileName/ExometricBulletController.cs: a85a4107cc380ddef6a79a2cbc5897ef -> bd4448d608bb0a8e9b53f63ad2d349a6
  custom:scripting/monoscript/fileName/ExometricBulletStruct.cs: 21a7e8882079b7cd526d843435b11d84 -> fdbeea408e35c918ae33558b635d63c4
  custom:scripting/monoscript/fileName/OnTrackParentChildChanged.cs: be3af4317364d6bb82f981864bd3122a -> 6d88f307aad09704075656159b23d57b
  custom:audio-encoder-webm-vorbis: bf7c407c2cedff20999df2af8eb42d56 -> 
  custom:scripting/monoscript/fileName/MeshDeformerBehaviour.cs: 9b0c40a902620ad3bab1f0cc2919fedd -> d6146497c9a704e95f6a25af6c5196e1
========================================================================
Received Prepare
Switching render pipeline 9358e2392d2bba34cba036267b3cba0c -> 00000000000000000000000000000000
Refreshing native plugins compatible for Editor in 12.16 ms, found 3 plugins.
Preloading 0 native plugins for Editor in 0.00 ms.
Unloading 3 Unused Serialized files (Serialized files now loaded: 0)
Unloading 56 unused Assets / (396.9 KB). Loaded Objects now: 6192.
Memory consumption went from 115.8 MB to 115.4 MB.
Total: 7.235400 ms (FindLiveObjects: 0.605200 ms CreateObjectMapping: 0.762900 ms MarkObjects: 5.042700 ms  DeleteObjects: 0.823500 ms)

Prepare: number of updated asset objects reloaded= 0
AssetImportParameters requested are different than current active one (requested -> active):
  custom:scripting/monoscript/fileName/WorldObjectBehaviour.cs: b9d355b7669052715e80516e510754bf -> 
  custom:container-demuxer-ogg: 62fdf1f143b41e24485cea50d1cbac27 -> 
  custom:scripting/monoscript/fileName/ObjectInstantiationInEditMode.cs: 62eae16549db141c1c7f4521d6b3c85d -> 22fb6bb7b712edb0a25cea396953fae1
  custom:scripting/monoscript/fileName/DeformerRaycastBehaviour.cs: 53705e861c8b561ac10bf2fd175e0b5f -> c3e991dd14d2cbaaa57f5718b7b86634
  custom:video-decoder-ogg-theora: a1e56fd34408186e4bbccfd4996cb3dc -> 
  custom:framework-win-MediaFoundation: 216162199b28c13a410421893ffa2e32 -> 
  custom:scripting/monoscript/fileName/CollisionTest.cs: 620015d589c27f56247e8af9f26bcbb0 -> 753de00a788599f4c888bbab1564b46b
  custom:CustomObjectIndexerAttribute: a3ef5dd2817f97addfee359851a9dba5 -> 
  custom:container-demuxer-webm: 4f35f7cbe854078d1ac9338744f61a02 -> 
  custom:container-muxer-webm: aa71ff27fc2769a1b78a27578f13a17b -> 
  custom:video-decoder-webm-vp8: 9c59270c3fd7afecdb556c50c9e8de78 -> 
  custom:SearchIndexIgnoredProperties: e643bd26f0fe6173181afceb89e7c659 -> 
  custom:AudioImporter_EditorPlatform: d09bf68614088b80899f8185d706f6e7 -> 
  custom:scripting/monoscript/fileName/UIExometricBullet.cs: 3632acd24a17371c47d4035e2d8fdd43 -> 2a6f687fe202bfa7629f5425508636f7
  custom:scripting/monoscript/fileName/AtirarBola.cs: d259c3fb8a711b6be4d7881c8096bf80 -> 2d53b7f7335d788c2979182b08505116
  custom:scripting/monoscript/fileName/ObjectInstantiationEditor.cs: 9f3113c440321366e673ea0bd9c1f641 -> 089cda8b74284a7db0d0033bb3a2dde7
  custom:video-encoder-webm-vp8: eb34c28f22e8b96e1ab97ce403110664 -> 
  custom:audio-decoder-ogg-vorbis: bf7c407c2cedff20999df2af8eb42d56 -> 
  custom:scripting/monoscript/fileName/BallBehaviour.cs: 42ab7467bbf3e1c2349a12cd4c07d032 -> b8911b7374aaa07483aeb1bb5f9ffb57
  custom:scripting/monoscript/fileName/ExometricBulletController.cs: a85a4107cc380ddef6a79a2cbc5897ef -> bd4448d608bb0a8e9b53f63ad2d349a6
  custom:scripting/monoscript/fileName/ExometricBulletStruct.cs: 21a7e8882079b7cd526d843435b11d84 -> fdbeea408e35c918ae33558b635d63c4
  custom:scripting/monoscript/fileName/OnTrackParentChildChanged.cs: be3af4317364d6bb82f981864bd3122a -> 6d88f307aad09704075656159b23d57b
  custom:audio-encoder-webm-vorbis: bf7c407c2cedff20999df2af8eb42d56 -> 
  custom:scripting/monoscript/fileName/MeshDeformerBehaviour.cs: 9b0c40a902620ad3bab1f0cc2919fedd -> d6146497c9a704e95f6a25af6c5196e1
========================================================================
Received Prepare
Begin MonoManager ReloadAssembly
Symbol file LoadedFromMemory is not a mono symbol file
- Loaded All Assemblies, in  1.120 seconds
Refreshing native plugins compatible for Editor in 15.94 ms, found 3 plugins.
Native extension for WindowsStandalone target not found
Native extension for Android target not found
Native extension for WebGL target not found
[Package Manager] Server::EnsureServerProcessIsRunning -- launch failed, reason: Unity was launched with the -noUpm command-line argument
[Package Manager] UpmClient::Send -- Unable to send message (not connected to UPM process).
[Package Manager] Cannot connect to Unity Package Manager local server
Mono: successfully reloaded assembly
- Finished resetting the current domain, in  3.399 seconds
Domain Reload Profiling: 4505ms
	BeginReloadAssembly (306ms)
		ExecutionOrderSort (0ms)
		DisableScriptedObjects (20ms)
		BackupInstance (0ms)
		ReleaseScriptingObjects (0ms)
		CreateAndSetChildDomain (67ms)
	RebuildCommonClasses (59ms)
	RebuildNativeTypeToScriptingClass (19ms)
	initialDomainReloadingComplete (64ms)
	LoadAllAssembliesAndSetupDomain (656ms)
		LoadAssemblies (781ms)
		RebuildTransferFunctionScriptingTraits (0ms)
		AnalyzeDomain (36ms)
			TypeCache.Refresh (10ms)
				TypeCache.ScanAssembly (0ms)
			ScanForSourceGeneratedMonoScriptInfo (0ms)
			ResolveRequiredComponents (24ms)
	FinalizeReload (3400ms)
		ReleaseScriptCaches (0ms)
		RebuildScriptCaches (0ms)
		SetupLoadedEditorAssemblies (1419ms)
			LogAssemblyErrors (0ms)
			InitializePlatformSupportModulesInManaged (80ms)
			SetLoadedEditorAssemblies (13ms)
			RefreshPlugins (0ms)
			BeforeProcessingInitializeOnLoad (282ms)
			ProcessInitializeOnLoadAttributes (865ms)
			ProcessInitializeOnLoadMethodAttributes (156ms)
			AfterProcessingInitializeOnLoad (21ms)
			EditorAssembliesLoaded (1ms)
		ExecutionOrderSort2 (0ms)
		AwakeInstancesAfterBackupRestoration (56ms)
Refreshing native plugins compatible for Editor in 19.52 ms, found 3 plugins.
Preloading 0 native plugins for Editor in 0.00 ms.
Unloading 5604 Unused Serialized files (Serialized files now loaded: 0)
Unloading 51 unused Assets / (392.7 KB). Loaded Objects now: 6260.
Memory consumption went from 205.6 MB to 205.2 MB.
Total: 14.966700 ms (FindLiveObjects: 0.971100 ms CreateObjectMapping: 2.205800 ms MarkObjects: 10.945600 ms  DeleteObjects: 0.842700 ms)

Prepare: number of updated asset objects reloaded= 0
AssetImportParameters requested are different than current active one (requested -> active):
  custom:scripting/monoscript/fileName/WorldObjectBehaviour.cs: b9d355b7669052715e80516e510754bf -> 
  custom:container-demuxer-ogg: 62fdf1f143b41e24485cea50d1cbac27 -> 
  custom:scripting/monoscript/fileName/ObjectInstantiationInEditMode.cs: 62eae16549db141c1c7f4521d6b3c85d -> 22fb6bb7b712edb0a25cea396953fae1
  custom:scripting/monoscript/fileName/DeformerRaycastBehaviour.cs: 53705e861c8b561ac10bf2fd175e0b5f -> c3e991dd14d2cbaaa57f5718b7b86634
  custom:video-decoder-ogg-theora: a1e56fd34408186e4bbccfd4996cb3dc -> 
  custom:framework-win-MediaFoundation: 216162199b28c13a410421893ffa2e32 -> 
  custom:scripting/monoscript/fileName/CollisionTest.cs: 620015d589c27f56247e8af9f26bcbb0 -> 753de00a788599f4c888bbab1564b46b
  custom:CustomObjectIndexerAttribute: a3ef5dd2817f97addfee359851a9dba5 -> 
  custom:container-demuxer-webm: 4f35f7cbe854078d1ac9338744f61a02 -> 
  custom:container-muxer-webm: aa71ff27fc2769a1b78a27578f13a17b -> 
  custom:video-decoder-webm-vp8: 9c59270c3fd7afecdb556c50c9e8de78 -> 
  custom:SearchIndexIgnoredProperties: e643bd26f0fe6173181afceb89e7c659 -> 
  custom:AudioImporter_EditorPlatform: d09bf68614088b80899f8185d706f6e7 -> 
  custom:scripting/monoscript/fileName/UIExometricBullet.cs: 3632acd24a17371c47d4035e2d8fdd43 -> 2a6f687fe202bfa7629f5425508636f7
  custom:scripting/monoscript/fileName/AtirarBola.cs: d259c3fb8a711b6be4d7881c8096bf80 -> 2d53b7f7335d788c2979182b08505116
  custom:scripting/monoscript/fileName/ObjectInstantiationEditor.cs: 9f3113c440321366e673ea0bd9c1f641 -> 089cda8b74284a7db0d0033bb3a2dde7
  custom:video-encoder-webm-vp8: eb34c28f22e8b96e1ab97ce403110664 -> 
  custom:audio-decoder-ogg-vorbis: bf7c407c2cedff20999df2af8eb42d56 -> 
  custom:scripting/monoscript/fileName/BallBehaviour.cs: 42ab7467bbf3e1c2349a12cd4c07d032 -> b8911b7374aaa07483aeb1bb5f9ffb57
  custom:scripting/monoscript/fileName/ExometricBulletController.cs: a85a4107cc380ddef6a79a2cbc5897ef -> bd4448d608bb0a8e9b53f63ad2d349a6
  custom:scripting/monoscript/fileName/ExometricBulletStruct.cs: 21a7e8882079b7cd526d843435b11d84 -> fdbeea408e35c918ae33558b635d63c4
  custom:scripting/monoscript/fileName/OnTrackParentChildChanged.cs: be3af4317364d6bb82f981864bd3122a -> 6d88f307aad09704075656159b23d57b
  custom:audio-encoder-webm-vorbis: bf7c407c2cedff20999df2af8eb42d56 -> 
  custom:scripting/monoscript/fileName/MeshDeformerBehaviour.cs: 9b0c40a902620ad3bab1f0cc2919fedd -> d6146497c9a704e95f6a25af6c5196e1
========================================================================
Received Import Request.
  Time since last request: 124916.535154 seconds.
  path: Assets/ExometricBullet/Player/New Universal Render Pipeline Asset_Renderer.asset
  artifactKey: Guid(16d519b57709bee4a8c4014a8f522f3b) Importer(815301076,1909f56bfc062723c751e8b465ee728b)
Start importing Assets/ExometricBullet/Player/New Universal Render Pipeline Asset_Renderer.asset using Guid(16d519b57709bee4a8c4014a8f522f3b) Importer(815301076,1909f56bfc062723c751e8b465ee728b)  -> (artifact id: '86fe15d0ef8a36c7b530c82149b8b5b9') in 0.038639 seconds
Number of updated asset objects reloaded before import = 0
Number of asset objects unloaded after import = 0
========================================================================
Received Import Request.
  Time since last request: 239.949250 seconds.
  path: Assets/ExometricBullet/_SceneComponents/Prefabs/UIExometricBullet.prefab
  artifactKey: Guid(f16846044708ffc45b356dcd9a56a9a0) Importer(815301076,1909f56bfc062723c751e8b465ee728b)
Start importing Assets/ExometricBullet/_SceneComponents/Prefabs/UIExometricBullet.prefab using Guid(f16846044708ffc45b356dcd9a56a9a0) Importer(815301076,1909f56bfc062723c751e8b465ee728b)  -> (artifact id: '366aa61b858f7bab599e633804286c14') in 0.026451 seconds
Number of updated asset objects reloaded before import = 3
Number of asset objects unloaded after import = 5
========================================================================
Received Prepare
Begin MonoManager ReloadAssembly
Symbol file LoadedFromMemory is not a mono symbol file
- Loaded All Assemblies, in  1.421 seconds
Refreshing native plugins compatible for Editor in 13.08 ms, found 3 plugins.
Native extension for WindowsStandalone target not found
Native extension for Android target not found
Native extension for WebGL target not found
[Package Manager] Server::EnsureServerProcessIsRunning -- launch failed, reason: Unity was launched with the -noUpm command-line argument
[Package Manager] UpmClient::Send -- Unable to send message (not connected to UPM process).
[Package Manager] Cannot connect to Unity Package Manager local server
Mono: successfully reloaded assembly
- Finished resetting the current domain, in  4.435 seconds
Domain Reload Profiling: 5703ms
	BeginReloadAssembly (316ms)
		ExecutionOrderSort (0ms)
		DisableScriptedObjects (18ms)
		BackupInstance (0ms)
		ReleaseScriptingObjects (0ms)
		CreateAndSetChildDomain (75ms)
	RebuildCommonClasses (59ms)
	RebuildNativeTypeToScriptingClass (22ms)
	initialDomainReloadingComplete (77ms)
	LoadAllAssembliesAndSetupDomain (791ms)
		LoadAssemblies (916ms)
		RebuildTransferFunctionScriptingTraits (0ms)
		AnalyzeDomain (45ms)
			TypeCache.Refresh (10ms)
				TypeCache.ScanAssembly (0ms)
			ScanForSourceGeneratedMonoScriptInfo (0ms)
			ResolveRequiredComponents (31ms)
	FinalizeReload (4438ms)
		ReleaseScriptCaches (0ms)
		RebuildScriptCaches (0ms)
		SetupLoadedEditorAssemblies (2194ms)
			LogAssemblyErrors (0ms)
			InitializePlatformSupportModulesInManaged (103ms)
			SetLoadedEditorAssemblies (12ms)
			RefreshPlugins (0ms)
			BeforeProcessingInitializeOnLoad (590ms)
			ProcessInitializeOnLoadAttributes (1251ms)
			ProcessInitializeOnLoadMethodAttributes (207ms)
			AfterProcessingInitializeOnLoad (31ms)
			EditorAssembliesLoaded (1ms)
		ExecutionOrderSort2 (0ms)
		AwakeInstancesAfterBackupRestoration (62ms)
Refreshing native plugins compatible for Editor in 22.65 ms, found 3 plugins.
Preloading 0 native plugins for Editor in 0.00 ms.
Unloading 5553 Unused Serialized files (Serialized files now loaded: 0)
Unloading 50 unused Assets / (392.0 KB). Loaded Objects now: 6278.
Memory consumption went from 203.7 MB to 203.4 MB.
Total: 12.555600 ms (FindLiveObjects: 1.654700 ms CreateObjectMapping: 1.108700 ms MarkObjects: 9.633400 ms  DeleteObjects: 0.156400 ms)

Prepare: number of updated asset objects reloaded= 0
AssetImportParameters requested are different than current active one (requested -> active):
  custom:scripting/monoscript/fileName/WorldObjectBehaviour.cs: b9d355b7669052715e80516e510754bf -> 
  custom:container-demuxer-ogg: 62fdf1f143b41e24485cea50d1cbac27 -> 
  custom:scripting/monoscript/fileName/ObjectInstantiationInEditMode.cs: 62eae16549db141c1c7f4521d6b3c85d -> 22fb6bb7b712edb0a25cea396953fae1
  custom:scripting/monoscript/fileName/DeformerRaycastBehaviour.cs: 53705e861c8b561ac10bf2fd175e0b5f -> c3e991dd14d2cbaaa57f5718b7b86634
  custom:video-decoder-ogg-theora: a1e56fd34408186e4bbccfd4996cb3dc -> 
  custom:framework-win-MediaFoundation: 216162199b28c13a410421893ffa2e32 -> 
  custom:scripting/monoscript/fileName/CollisionTest.cs: 620015d589c27f56247e8af9f26bcbb0 -> 753de00a788599f4c888bbab1564b46b
  custom:CustomObjectIndexerAttribute: a3ef5dd2817f97addfee359851a9dba5 -> 
  custom:container-demuxer-webm: 4f35f7cbe854078d1ac9338744f61a02 -> 
  custom:container-muxer-webm: aa71ff27fc2769a1b78a27578f13a17b -> 
  custom:video-decoder-webm-vp8: 9c59270c3fd7afecdb556c50c9e8de78 -> 
  custom:SearchIndexIgnoredProperties: e643bd26f0fe6173181afceb89e7c659 -> 
  custom:AudioImporter_EditorPlatform: d09bf68614088b80899f8185d706f6e7 -> 
  custom:scripting/monoscript/fileName/UIExometricBullet.cs: 3632acd24a17371c47d4035e2d8fdd43 -> 2a6f687fe202bfa7629f5425508636f7
  custom:scripting/monoscript/fileName/AtirarBola.cs: d259c3fb8a711b6be4d7881c8096bf80 -> 2d53b7f7335d788c2979182b08505116
  custom:scripting/monoscript/fileName/ObjectInstantiationEditor.cs: 9f3113c440321366e673ea0bd9c1f641 -> 089cda8b74284a7db0d0033bb3a2dde7
  custom:video-encoder-webm-vp8: eb34c28f22e8b96e1ab97ce403110664 -> 
  custom:audio-decoder-ogg-vorbis: bf7c407c2cedff20999df2af8eb42d56 -> 
  custom:scripting/monoscript/fileName/BallBehaviour.cs: 42ab7467bbf3e1c2349a12cd4c07d032 -> b8911b7374aaa07483aeb1bb5f9ffb57
  custom:scripting/monoscript/fileName/ExometricBulletController.cs: a85a4107cc380ddef6a79a2cbc5897ef -> bd4448d608bb0a8e9b53f63ad2d349a6
  custom:scripting/monoscript/fileName/ExometricBulletStruct.cs: 21a7e8882079b7cd526d843435b11d84 -> fdbeea408e35c918ae33558b635d63c4
  custom:scripting/monoscript/fileName/OnTrackParentChildChanged.cs: be3af4317364d6bb82f981864bd3122a -> 6d88f307aad09704075656159b23d57b
  custom:audio-encoder-webm-vorbis: bf7c407c2cedff20999df2af8eb42d56 -> 
  custom:scripting/monoscript/fileName/MeshDeformerBehaviour.cs: 9b0c40a902620ad3bab1f0cc2919fedd -> d6146497c9a704e95f6a25af6c5196e1
========================================================================
Received Prepare
Begin MonoManager ReloadAssembly
Symbol file LoadedFromMemory is not a mono symbol file
- Loaded All Assemblies, in  1.321 seconds
Refreshing native plugins compatible for Editor in 12.29 ms, found 3 plugins.
Native extension for WindowsStandalone target not found
Native extension for Android target not found
Native extension for WebGL target not found
[Package Manager] Server::EnsureServerProcessIsRunning -- launch failed, reason: Unity was launched with the -noUpm command-line argument
[Package Manager] UpmClient::Send -- Unable to send message (not connected to UPM process).
[Package Manager] Cannot connect to Unity Package Manager local server
Mono: successfully reloaded assembly
- Finished resetting the current domain, in  3.832 seconds
Domain Reload Profiling: 5139ms
	BeginReloadAssembly (343ms)
		ExecutionOrderSort (0ms)
		DisableScriptedObjects (21ms)
		BackupInstance (0ms)
		ReleaseScriptingObjects (0ms)
		CreateAndSetChildDomain (76ms)
	RebuildCommonClasses (87ms)
	RebuildNativeTypeToScriptingClass (21ms)
	initialDomainReloadingComplete (72ms)
	LoadAllAssembliesAndSetupDomain (783ms)
		LoadAssemblies (934ms)
		RebuildTransferFunctionScriptingTraits (0ms)
		AnalyzeDomain (29ms)
			TypeCache.Refresh (7ms)
				TypeCache.ScanAssembly (0ms)
			ScanForSourceGeneratedMonoScriptInfo (0ms)
			ResolveRequiredComponents (21ms)
	FinalizeReload (3833ms)
		ReleaseScriptCaches (0ms)
		RebuildScriptCaches (0ms)
		SetupLoadedEditorAssemblies (1736ms)
			LogAssemblyErrors (0ms)
			InitializePlatformSupportModulesInManaged (53ms)
			SetLoadedEditorAssemblies (7ms)
			RefreshPlugins (0ms)
			BeforeProcessingInitializeOnLoad (307ms)
			ProcessInitializeOnLoadAttributes (1121ms)
			ProcessInitializeOnLoadMethodAttributes (219ms)
			AfterProcessingInitializeOnLoad (29ms)
			EditorAssembliesLoaded (1ms)
		ExecutionOrderSort2 (0ms)
		AwakeInstancesAfterBackupRestoration (51ms)
Refreshing native plugins compatible for Editor in 18.50 ms, found 3 plugins.
Preloading 0 native plugins for Editor in 0.00 ms.
Unloading 5553 Unused Serialized files (Serialized files now loaded: 0)
Unloading 50 unused Assets / (391.8 KB). Loaded Objects now: 6295.
Memory consumption went from 205.7 MB to 205.3 MB.
Total: 11.175100 ms (FindLiveObjects: 1.608500 ms CreateObjectMapping: 0.900000 ms MarkObjects: 8.457700 ms  DeleteObjects: 0.207200 ms)

Prepare: number of updated asset objects reloaded= 1
AssetImportParameters requested are different than current active one (requested -> active):
  custom:scripting/monoscript/fileName/WorldObjectBehaviour.cs: b9d355b7669052715e80516e510754bf -> 
  custom:container-demuxer-ogg: 62fdf1f143b41e24485cea50d1cbac27 -> 
  custom:scripting/monoscript/fileName/ObjectInstantiationInEditMode.cs: 62eae16549db141c1c7f4521d6b3c85d -> 22fb6bb7b712edb0a25cea396953fae1
  custom:scripting/monoscript/fileName/DeformerRaycastBehaviour.cs: 53705e861c8b561ac10bf2fd175e0b5f -> c3e991dd14d2cbaaa57f5718b7b86634
  custom:video-decoder-ogg-theora: a1e56fd34408186e4bbccfd4996cb3dc -> 
  custom:framework-win-MediaFoundation: 216162199b28c13a410421893ffa2e32 -> 
  custom:scripting/monoscript/fileName/CollisionTest.cs: 620015d589c27f56247e8af9f26bcbb0 -> 753de00a788599f4c888bbab1564b46b
  custom:CustomObjectIndexerAttribute: a3ef5dd2817f97addfee359851a9dba5 -> 
  custom:container-demuxer-webm: 4f35f7cbe854078d1ac9338744f61a02 -> 
  custom:container-muxer-webm: aa71ff27fc2769a1b78a27578f13a17b -> 
  custom:video-decoder-webm-vp8: 9c59270c3fd7afecdb556c50c9e8de78 -> 
  custom:SearchIndexIgnoredProperties: e643bd26f0fe6173181afceb89e7c659 -> 
  custom:AudioImporter_EditorPlatform: d09bf68614088b80899f8185d706f6e7 -> 
  custom:scripting/monoscript/fileName/UIExometricBullet.cs: 3632acd24a17371c47d4035e2d8fdd43 -> 2a6f687fe202bfa7629f5425508636f7
  custom:scripting/monoscript/fileName/AtirarBola.cs: d259c3fb8a711b6be4d7881c8096bf80 -> 2d53b7f7335d788c2979182b08505116
  custom:scripting/monoscript/fileName/ObjectInstantiationEditor.cs: 9f3113c440321366e673ea0bd9c1f641 -> 089cda8b74284a7db0d0033bb3a2dde7
  custom:video-encoder-webm-vp8: eb34c28f22e8b96e1ab97ce403110664 -> 
  custom:audio-decoder-ogg-vorbis: bf7c407c2cedff20999df2af8eb42d56 -> 
  custom:scripting/monoscript/fileName/BallBehaviour.cs: 42ab7467bbf3e1c2349a12cd4c07d032 -> b8911b7374aaa07483aeb1bb5f9ffb57
  custom:scripting/monoscript/fileName/ExometricBulletController.cs: a85a4107cc380ddef6a79a2cbc5897ef -> bd4448d608bb0a8e9b53f63ad2d349a6
  custom:scripting/monoscript/fileName/ExometricBulletStruct.cs: 21a7e8882079b7cd526d843435b11d84 -> fdbeea408e35c918ae33558b635d63c4
  custom:scripting/monoscript/fileName/OnTrackParentChildChanged.cs: be3af4317364d6bb82f981864bd3122a -> 6d88f307aad09704075656159b23d57b
  custom:audio-encoder-webm-vorbis: bf7c407c2cedff20999df2af8eb42d56 -> 
  custom:scripting/monoscript/fileName/MeshDeformerBehaviour.cs: 9b0c40a902620ad3bab1f0cc2919fedd -> d6146497c9a704e95f6a25af6c5196e1
