Using pre-set license
Built from '2022.3/release' branch; Version is '2022.3.12f1 (4fe6e059c7ef) revision 5236448'; Using compiler version '192829333'; Build Type 'Release'
OS: 'Windows 10  (10.0.19042) 64bit Professional' Language: 'pt' Physical Memory: 16349 MB
BatchMode: 1, IsHumanControllingUs: 0, StartBugReporterOnCrash: 0, Is64bit: 1, IsPro: 1

COMMAND LINE ARGUMENTS:
C:\Program Files\Unity\Hub\Editor\2022.3.12f1\Editor\Unity.exe
-adb2
-batchMode
-noUpm
-name
AssetImportWorker2
-projectPath
C:/Users/ITX-GAMER/Documents/GitHub/EntityCreator
-logFile
Logs/AssetImportWorker2.log
-srvPort
51411
Successfully changed project path to: C:/Users/ITX-GAMER/Documents/GitHub/EntityCreator
C:/Users/ITX-GAMER/Documents/GitHub/EntityCreator
[UnityMemory] Configuration Parameters - Can be set up in boot.config
    "memorysetup-bucket-allocator-granularity=16"
    "memorysetup-bucket-allocator-bucket-count=8"
    "memorysetup-bucket-allocator-block-size=33554432"
    "memorysetup-bucket-allocator-block-count=8"
    "memorysetup-main-allocator-block-size=16777216"
    "memorysetup-thread-allocator-block-size=16777216"
    "memorysetup-gfx-main-allocator-block-size=16777216"
    "memorysetup-gfx-thread-allocator-block-size=16777216"
    "memorysetup-cache-allocator-block-size=4194304"
    "memorysetup-typetree-allocator-block-size=2097152"
    "memorysetup-profiler-bucket-allocator-granularity=16"
    "memorysetup-profiler-bucket-allocator-bucket-count=8"
    "memorysetup-profiler-bucket-allocator-block-size=33554432"
    "memorysetup-profiler-bucket-allocator-block-count=8"
    "memorysetup-profiler-allocator-block-size=16777216"
    "memorysetup-profiler-editor-allocator-block-size=1048576"
    "memorysetup-temp-allocator-size-main=16777216"
    "memorysetup-job-temp-allocator-block-size=2097152"
    "memorysetup-job-temp-allocator-block-size-background=1048576"
    "memorysetup-job-temp-allocator-reduction-small-platforms=262144"
    "memorysetup-allocator-temp-initial-block-size-main=262144"
    "memorysetup-allocator-temp-initial-block-size-worker=262144"
    "memorysetup-temp-allocator-size-background-worker=32768"
    "memorysetup-temp-allocator-size-job-worker=262144"
    "memorysetup-temp-allocator-size-preload-manager=33554432"
    "memorysetup-temp-allocator-size-nav-mesh-worker=65536"
    "memorysetup-temp-allocator-size-audio-worker=65536"
    "memorysetup-temp-allocator-size-cloud-worker=32768"
    "memorysetup-temp-allocator-size-gi-baking-worker=262144"
    "memorysetup-temp-allocator-size-gfx=262144"
Player connection [17560] Host "[IP] 192.168.15.156 [Port] 0 [Flags] 2 [Guid] 4191739028 [EditorId] 4191739028 [Version] 1048832 [Id] WindowsEditor(7,DESKTOP-LCMCQS3) [Debug] 1 [PackageName] WindowsEditor [ProjectName] Editor" joined multi-casting on [225.0.0.222:54997]...

Player connection [17560] Host "[IP] 192.168.15.156 [Port] 0 [Flags] 2 [Guid] 4191739028 [EditorId] 4191739028 [Version] 1048832 [Id] WindowsEditor(7,DESKTOP-LCMCQS3) [Debug] 1 [PackageName] WindowsEditor [ProjectName] Editor" joined alternative multi-casting on [225.0.0.222:34997]...

[Physics::Module] Initialized MultithreadedJobDispatcher with 3 workers.
Refreshing native plugins compatible for Editor in 521.38 ms, found 3 plugins.
Preloading 0 native plugins for Editor in 0.00 ms.
Initialize engine version: 2022.3.12f1 (4fe6e059c7ef)
[Subsystems] Discovering subsystems at path C:/Program Files/Unity/Hub/Editor/2022.3.12f1/Editor/Data/Resources/UnitySubsystems
[Subsystems] Discovering subsystems at path C:/Users/ITX-GAMER/Documents/GitHub/EntityCreator/Assets
GfxDevice: creating device client; threaded=0; jobified=0
Direct3D:
    Version:  Direct3D 11.0 [level 11.1]
    Renderer: NVIDIA GeForce GTX 1050 Ti (ID=0x1c82)
    Vendor:   NVIDIA
    VRAM:     4018 MB
    Driver:   27.21.14.5751
Initialize mono
Mono path[0] = 'C:/Program Files/Unity/Hub/Editor/2022.3.12f1/Editor/Data/Managed'
Mono path[1] = 'C:/Program Files/Unity/Hub/Editor/2022.3.12f1/Editor/Data/MonoBleedingEdge/lib/mono/unityjit-win32'
Mono config path = 'C:/Program Files/Unity/Hub/Editor/2022.3.12f1/Editor/Data/MonoBleedingEdge/etc'
Using monoOptions --debugger-agent=transport=dt_socket,embedding=1,server=y,suspend=n,address=127.0.0.1:56164
Begin MonoManager ReloadAssembly
Registering precompiled unity dll's ...
Register platform support module: C:/Program Files/Unity/Hub/Editor/2022.3.12f1/Editor/Data/PlaybackEngines/WebGLSupport/UnityEditor.WebGL.Extensions.dll
Register platform support module: C:/Program Files/Unity/Hub/Editor/2022.3.12f1/Editor/Data/PlaybackEngines/AndroidPlayer/UnityEditor.Android.Extensions.dll
Register platform support module: C:/Program Files/Unity/Hub/Editor/2022.3.12f1/Editor/Data/PlaybackEngines/WindowsStandaloneSupport/UnityEditor.WindowsStandalone.Extensions.dll
Registered in 0.041511 seconds.
- Loaded All Assemblies, in  1.050 seconds
Native extension for WindowsStandalone target not found
Native extension for Android target not found
Native extension for WebGL target not found
Mono: successfully reloaded assembly
- Finished resetting the current domain, in  0.997 seconds
Domain Reload Profiling: 2040ms
	BeginReloadAssembly (290ms)
		ExecutionOrderSort (0ms)
		DisableScriptedObjects (0ms)
		BackupInstance (0ms)
		ReleaseScriptingObjects (0ms)
		CreateAndSetChildDomain (2ms)
	RebuildCommonClasses (76ms)
	RebuildNativeTypeToScriptingClass (25ms)
	initialDomainReloadingComplete (169ms)
	LoadAllAssembliesAndSetupDomain (480ms)
		LoadAssemblies (284ms)
		RebuildTransferFunctionScriptingTraits (0ms)
		AnalyzeDomain (474ms)
			TypeCache.Refresh (471ms)
				TypeCache.ScanAssembly (444ms)
			ScanForSourceGeneratedMonoScriptInfo (1ms)
			ResolveRequiredComponents (1ms)
	FinalizeReload (999ms)
		ReleaseScriptCaches (0ms)
		RebuildScriptCaches (0ms)
		SetupLoadedEditorAssemblies (823ms)
			LogAssemblyErrors (0ms)
			InitializePlatformSupportModulesInManaged (202ms)
			SetLoadedEditorAssemblies (11ms)
			RefreshPlugins (0ms)
			BeforeProcessingInitializeOnLoad (5ms)
			ProcessInitializeOnLoadAttributes (413ms)
			ProcessInitializeOnLoadMethodAttributes (191ms)
			AfterProcessingInitializeOnLoad (0ms)
			EditorAssembliesLoaded (1ms)
		ExecutionOrderSort2 (0ms)
		AwakeInstancesAfterBackupRestoration (0ms)
========================================================================
Worker process is ready to serve import requests
Begin MonoManager ReloadAssembly
Symbol file LoadedFromMemory is not a mono symbol file
- Loaded All Assemblies, in  1.396 seconds
Refreshing native plugins compatible for Editor in 12.53 ms, found 3 plugins.
Native extension for WindowsStandalone target not found
Native extension for Android target not found
Native extension for WebGL target not found
Package Manager log level set to [2]
[Package Manager] Server::EnsureServerProcessIsRunning -- launch failed, reason: Unity was launched with the -noUpm command-line argument
[Package Manager] UpmClient::Send -- Unable to send message (not connected to UPM process).
[Package Manager] Cannot connect to Unity Package Manager local server
Mono: successfully reloaded assembly
- Finished resetting the current domain, in  1.787 seconds
Domain Reload Profiling: 3169ms
	BeginReloadAssembly (217ms)
		ExecutionOrderSort (0ms)
		DisableScriptedObjects (8ms)
		BackupInstance (0ms)
		ReleaseScriptingObjects (0ms)
		CreateAndSetChildDomain (27ms)
	RebuildCommonClasses (48ms)
	RebuildNativeTypeToScriptingClass (13ms)
	initialDomainReloadingComplete (67ms)
	LoadAllAssembliesAndSetupDomain (1037ms)
		LoadAssemblies (680ms)
		RebuildTransferFunctionScriptingTraits (0ms)
		AnalyzeDomain (494ms)
			TypeCache.Refresh (426ms)
				TypeCache.ScanAssembly (345ms)
			ScanForSourceGeneratedMonoScriptInfo (47ms)
			ResolveRequiredComponents (20ms)
	FinalizeReload (1788ms)
		ReleaseScriptCaches (0ms)
		RebuildScriptCaches (0ms)
		SetupLoadedEditorAssemblies (1460ms)
			LogAssemblyErrors (0ms)
			InitializePlatformSupportModulesInManaged (44ms)
			SetLoadedEditorAssemblies (8ms)
			RefreshPlugins (0ms)
			BeforeProcessingInitializeOnLoad (215ms)
			ProcessInitializeOnLoadAttributes (1035ms)
			ProcessInitializeOnLoadMethodAttributes (133ms)
			AfterProcessingInitializeOnLoad (25ms)
			EditorAssembliesLoaded (1ms)
		ExecutionOrderSort2 (0ms)
		AwakeInstancesAfterBackupRestoration (12ms)
Launched and connected shader compiler UnityShaderCompiler.exe after 0.09 seconds
Refreshing native plugins compatible for Editor in 15.34 ms, found 3 plugins.
Preloading 0 native plugins for Editor in 0.00 ms.
Unloading 5773 Unused Serialized files (Serialized files now loaded: 0)
Unloading 103 unused Assets / (423.2 KB). Loaded Objects now: 6245.
Memory consumption went from 232.0 MB to 231.5 MB.
Total: 9.496800 ms (FindLiveObjects: 0.617200 ms CreateObjectMapping: 0.688100 ms MarkObjects: 7.897400 ms  DeleteObjects: 0.292700 ms)

AssetImportParameters requested are different than current active one (requested -> active):
  custom:scripting/monoscript/fileName/WorldObjectBehaviour.cs: b9d355b7669052715e80516e510754bf -> 
  custom:container-demuxer-ogg: 62fdf1f143b41e24485cea50d1cbac27 -> 
  custom:scripting/monoscript/fileName/ObjectInstantiationInEditMode.cs: 62eae16549db141c1c7f4521d6b3c85d -> 22fb6bb7b712edb0a25cea396953fae1
  custom:scripting/monoscript/fileName/DeformerRaycastBehaviour.cs: 53705e861c8b561ac10bf2fd175e0b5f -> c3e991dd14d2cbaaa57f5718b7b86634
  custom:video-decoder-ogg-theora: a1e56fd34408186e4bbccfd4996cb3dc -> 
  custom:framework-win-MediaFoundation: 216162199b28c13a410421893ffa2e32 -> 
  custom:scripting/monoscript/fileName/CollisionTest.cs: 620015d589c27f56247e8af9f26bcbb0 -> 753de00a788599f4c888bbab1564b46b
  custom:CustomObjectIndexerAttribute: a3ef5dd2817f97addfee359851a9dba5 -> 
  custom:container-demuxer-webm: 4f35f7cbe854078d1ac9338744f61a02 -> 
  custom:container-muxer-webm: aa71ff27fc2769a1b78a27578f13a17b -> 
  custom:video-decoder-webm-vp8: 9c59270c3fd7afecdb556c50c9e8de78 -> 
  custom:SearchIndexIgnoredProperties: e643bd26f0fe6173181afceb89e7c659 -> 
  custom:AudioImporter_EditorPlatform: d09bf68614088b80899f8185d706f6e7 -> 
  custom:scripting/monoscript/fileName/UIExometricBullet.cs: 3632acd24a17371c47d4035e2d8fdd43 -> 2a6f687fe202bfa7629f5425508636f7
  custom:scripting/monoscript/fileName/AtirarBola.cs: d259c3fb8a711b6be4d7881c8096bf80 -> 2d53b7f7335d788c2979182b08505116
  custom:scripting/monoscript/fileName/ObjectInstantiationEditor.cs: 9f3113c440321366e673ea0bd9c1f641 -> 089cda8b74284a7db0d0033bb3a2dde7
  custom:video-encoder-webm-vp8: eb34c28f22e8b96e1ab97ce403110664 -> 
  custom:audio-decoder-ogg-vorbis: bf7c407c2cedff20999df2af8eb42d56 -> 
  custom:scripting/monoscript/fileName/BallBehaviour.cs: 42ab7467bbf3e1c2349a12cd4c07d032 -> b8911b7374aaa07483aeb1bb5f9ffb57
  custom:scripting/monoscript/fileName/ExometricBulletController.cs: a85a4107cc380ddef6a79a2cbc5897ef -> bd4448d608bb0a8e9b53f63ad2d349a6
  custom:scripting/monoscript/fileName/ExometricBulletStruct.cs: 21a7e8882079b7cd526d843435b11d84 -> fdbeea408e35c918ae33558b635d63c4
  custom:scripting/monoscript/fileName/OnTrackParentChildChanged.cs: be3af4317364d6bb82f981864bd3122a -> 6d88f307aad09704075656159b23d57b
  custom:audio-encoder-webm-vorbis: bf7c407c2cedff20999df2af8eb42d56 -> 
  custom:scripting/monoscript/fileName/MeshDeformerBehaviour.cs: 9b0c40a902620ad3bab1f0cc2919fedd -> d6146497c9a704e95f6a25af6c5196e1
========================================================================
Received Import Request.
  Time since last request: 124830.550047 seconds.
  path: Assets/ExometricBullet/Player/Sprites/char_a_p1_0bas_humn_v01.png
  artifactKey: Guid(4f828b62773e6774394b187f4900a682) Importer(815301076,1909f56bfc062723c751e8b465ee728b)
Start importing Assets/ExometricBullet/Player/Sprites/char_a_p1_0bas_humn_v01.png using Guid(4f828b62773e6774394b187f4900a682) Importer(815301076,1909f56bfc062723c751e8b465ee728b)  -> (artifact id: '1c5c303eaadf2b0e96be2f0f4286c97c') in 0.511507 seconds
Number of updated asset objects reloaded before import = 0
Number of asset objects unloaded after import = 66
========================================================================
Received Import Request.
  Time since last request: 3.160741 seconds.
  path: Assets/ExometricBullet/Player/Prefabs/Sprite Shadow.shadergraph
  artifactKey: Guid(6d86513439923bd4398c9eadf6d5ebb2) Importer(815301076,1909f56bfc062723c751e8b465ee728b)
Start importing Assets/ExometricBullet/Player/Prefabs/Sprite Shadow.shadergraph using Guid(6d86513439923bd4398c9eadf6d5ebb2) Importer(815301076,1909f56bfc062723c751e8b465ee728b)  -> (artifact id: '37d546aa22493da91068ae1713ed0e2a') in 0.604382 seconds
Number of updated asset objects reloaded before import = 0
Number of asset objects unloaded after import = 3
========================================================================
Received Import Request.
  Time since last request: 9.794216 seconds.
  path: Assets/ExometricBullet/Player/Prefabs/Shader Graphs_Sprite Shadow.mat
  artifactKey: Guid(047ecbf0405327b4ea23483e11906f48) Importer(815301076,1909f56bfc062723c751e8b465ee728b)
Start importing Assets/ExometricBullet/Player/Prefabs/Shader Graphs_Sprite Shadow.mat using Guid(047ecbf0405327b4ea23483e11906f48) Importer(815301076,1909f56bfc062723c751e8b465ee728b)  -> (artifact id: '8b49f688d0e3f81b6348d31b72026010') in 0.294721 seconds
Number of updated asset objects reloaded before import = 0
Number of asset objects unloaded after import = 3
========================================================================
Received Prepare
Switching render pipeline 9358e2392d2bba34cba036267b3cba0c -> 00000000000000000000000000000000
Refreshing native plugins compatible for Editor in 9.07 ms, found 3 plugins.
Preloading 0 native plugins for Editor in 0.00 ms.
Unloading 4 Unused Serialized files (Serialized files now loaded: 0)
Unloading 3 unused Assets / (366.3 KB). Loaded Objects now: 6370.
Memory consumption went from 116.4 MB to 116.0 MB.
Total: 5.786500 ms (FindLiveObjects: 0.470400 ms CreateObjectMapping: 0.631200 ms MarkObjects: 4.610300 ms  DeleteObjects: 0.073500 ms)

Prepare: number of updated asset objects reloaded= 2
AssetImportParameters requested are different than current active one (requested -> active):
  custom:scripting/monoscript/fileName/WorldObjectBehaviour.cs: b9d355b7669052715e80516e510754bf -> 
  custom:container-demuxer-ogg: 62fdf1f143b41e24485cea50d1cbac27 -> 
  custom:scripting/monoscript/fileName/ObjectInstantiationInEditMode.cs: 62eae16549db141c1c7f4521d6b3c85d -> 22fb6bb7b712edb0a25cea396953fae1
  custom:scripting/monoscript/fileName/DeformerRaycastBehaviour.cs: 53705e861c8b561ac10bf2fd175e0b5f -> c3e991dd14d2cbaaa57f5718b7b86634
  custom:video-decoder-ogg-theora: a1e56fd34408186e4bbccfd4996cb3dc -> 
  custom:framework-win-MediaFoundation: 216162199b28c13a410421893ffa2e32 -> 
  custom:scripting/monoscript/fileName/CollisionTest.cs: 620015d589c27f56247e8af9f26bcbb0 -> 753de00a788599f4c888bbab1564b46b
  custom:CustomObjectIndexerAttribute: a3ef5dd2817f97addfee359851a9dba5 -> 
  custom:container-demuxer-webm: 4f35f7cbe854078d1ac9338744f61a02 -> 
  custom:container-muxer-webm: aa71ff27fc2769a1b78a27578f13a17b -> 
  custom:video-decoder-webm-vp8: 9c59270c3fd7afecdb556c50c9e8de78 -> 
  custom:SearchIndexIgnoredProperties: e643bd26f0fe6173181afceb89e7c659 -> 
  custom:AudioImporter_EditorPlatform: d09bf68614088b80899f8185d706f6e7 -> 
  custom:scripting/monoscript/fileName/UIExometricBullet.cs: 3632acd24a17371c47d4035e2d8fdd43 -> 2a6f687fe202bfa7629f5425508636f7
  custom:scripting/monoscript/fileName/AtirarBola.cs: d259c3fb8a711b6be4d7881c8096bf80 -> 2d53b7f7335d788c2979182b08505116
  custom:scripting/monoscript/fileName/ObjectInstantiationEditor.cs: 9f3113c440321366e673ea0bd9c1f641 -> 089cda8b74284a7db0d0033bb3a2dde7
  custom:video-encoder-webm-vp8: eb34c28f22e8b96e1ab97ce403110664 -> 
  custom:audio-decoder-ogg-vorbis: bf7c407c2cedff20999df2af8eb42d56 -> 
  custom:scripting/monoscript/fileName/BallBehaviour.cs: 42ab7467bbf3e1c2349a12cd4c07d032 -> b8911b7374aaa07483aeb1bb5f9ffb57
  custom:scripting/monoscript/fileName/ExometricBulletController.cs: a85a4107cc380ddef6a79a2cbc5897ef -> bd4448d608bb0a8e9b53f63ad2d349a6
  custom:scripting/monoscript/fileName/ExometricBulletStruct.cs: 21a7e8882079b7cd526d843435b11d84 -> fdbeea408e35c918ae33558b635d63c4
  custom:scripting/monoscript/fileName/OnTrackParentChildChanged.cs: be3af4317364d6bb82f981864bd3122a -> 6d88f307aad09704075656159b23d57b
  custom:audio-encoder-webm-vorbis: bf7c407c2cedff20999df2af8eb42d56 -> 
  custom:scripting/monoscript/fileName/MeshDeformerBehaviour.cs: 9b0c40a902620ad3bab1f0cc2919fedd -> d6146497c9a704e95f6a25af6c5196e1
========================================================================
Received Prepare
Begin MonoManager ReloadAssembly
Symbol file LoadedFromMemory is not a mono symbol file
- Loaded All Assemblies, in  1.144 seconds
Refreshing native plugins compatible for Editor in 12.99 ms, found 3 plugins.
Native extension for WindowsStandalone target not found
Native extension for Android target not found
Native extension for WebGL target not found
[Package Manager] Server::EnsureServerProcessIsRunning -- launch failed, reason: Unity was launched with the -noUpm command-line argument
[Package Manager] UpmClient::Send -- Unable to send message (not connected to UPM process).
[Package Manager] Cannot connect to Unity Package Manager local server
Mono: successfully reloaded assembly
- Finished resetting the current domain, in  3.484 seconds
Domain Reload Profiling: 4613ms
	BeginReloadAssembly (316ms)
		ExecutionOrderSort (0ms)
		DisableScriptedObjects (19ms)
		BackupInstance (0ms)
		ReleaseScriptingObjects (0ms)
		CreateAndSetChildDomain (84ms)
	RebuildCommonClasses (53ms)
	RebuildNativeTypeToScriptingClass (20ms)
	initialDomainReloadingComplete (79ms)
	LoadAllAssembliesAndSetupDomain (660ms)
		LoadAssemblies (780ms)
		RebuildTransferFunctionScriptingTraits (0ms)
		AnalyzeDomain (30ms)
			TypeCache.Refresh (9ms)
				TypeCache.ScanAssembly (0ms)
			ScanForSourceGeneratedMonoScriptInfo (0ms)
			ResolveRequiredComponents (20ms)
	FinalizeReload (3485ms)
		ReleaseScriptCaches (0ms)
		RebuildScriptCaches (0ms)
		SetupLoadedEditorAssemblies (1448ms)
			LogAssemblyErrors (0ms)
			InitializePlatformSupportModulesInManaged (57ms)
			SetLoadedEditorAssemblies (9ms)
			RefreshPlugins (0ms)
			BeforeProcessingInitializeOnLoad (273ms)
			ProcessInitializeOnLoadAttributes (920ms)
			ProcessInitializeOnLoadMethodAttributes (167ms)
			AfterProcessingInitializeOnLoad (21ms)
			EditorAssembliesLoaded (0ms)
		ExecutionOrderSort2 (0ms)
		AwakeInstancesAfterBackupRestoration (33ms)
Refreshing native plugins compatible for Editor in 15.68 ms, found 3 plugins.
Preloading 0 native plugins for Editor in 0.00 ms.
Unloading 5557 Unused Serialized files (Serialized files now loaded: 0)
Unloading 55 unused Assets / (397.4 KB). Loaded Objects now: 6384.
Memory consumption went from 203.9 MB to 203.5 MB.
Total: 10.968100 ms (FindLiveObjects: 0.839600 ms CreateObjectMapping: 0.719300 ms MarkObjects: 7.677700 ms  DeleteObjects: 1.729500 ms)

Prepare: number of updated asset objects reloaded= 0
AssetImportParameters requested are different than current active one (requested -> active):
  custom:scripting/monoscript/fileName/WorldObjectBehaviour.cs: b9d355b7669052715e80516e510754bf -> 
  custom:container-demuxer-ogg: 62fdf1f143b41e24485cea50d1cbac27 -> 
  custom:scripting/monoscript/fileName/ObjectInstantiationInEditMode.cs: 62eae16549db141c1c7f4521d6b3c85d -> 22fb6bb7b712edb0a25cea396953fae1
  custom:scripting/monoscript/fileName/DeformerRaycastBehaviour.cs: 53705e861c8b561ac10bf2fd175e0b5f -> c3e991dd14d2cbaaa57f5718b7b86634
  custom:video-decoder-ogg-theora: a1e56fd34408186e4bbccfd4996cb3dc -> 
  custom:framework-win-MediaFoundation: 216162199b28c13a410421893ffa2e32 -> 
  custom:scripting/monoscript/fileName/CollisionTest.cs: 620015d589c27f56247e8af9f26bcbb0 -> 753de00a788599f4c888bbab1564b46b
  custom:CustomObjectIndexerAttribute: a3ef5dd2817f97addfee359851a9dba5 -> 
  custom:container-demuxer-webm: 4f35f7cbe854078d1ac9338744f61a02 -> 
  custom:container-muxer-webm: aa71ff27fc2769a1b78a27578f13a17b -> 
  custom:video-decoder-webm-vp8: 9c59270c3fd7afecdb556c50c9e8de78 -> 
  custom:SearchIndexIgnoredProperties: e643bd26f0fe6173181afceb89e7c659 -> 
  custom:AudioImporter_EditorPlatform: d09bf68614088b80899f8185d706f6e7 -> 
  custom:scripting/monoscript/fileName/UIExometricBullet.cs: 3632acd24a17371c47d4035e2d8fdd43 -> 2a6f687fe202bfa7629f5425508636f7
  custom:scripting/monoscript/fileName/AtirarBola.cs: d259c3fb8a711b6be4d7881c8096bf80 -> 2d53b7f7335d788c2979182b08505116
  custom:scripting/monoscript/fileName/ObjectInstantiationEditor.cs: 9f3113c440321366e673ea0bd9c1f641 -> 089cda8b74284a7db0d0033bb3a2dde7
  custom:video-encoder-webm-vp8: eb34c28f22e8b96e1ab97ce403110664 -> 
  custom:audio-decoder-ogg-vorbis: bf7c407c2cedff20999df2af8eb42d56 -> 
  custom:scripting/monoscript/fileName/BallBehaviour.cs: 42ab7467bbf3e1c2349a12cd4c07d032 -> b8911b7374aaa07483aeb1bb5f9ffb57
  custom:scripting/monoscript/fileName/ExometricBulletController.cs: a85a4107cc380ddef6a79a2cbc5897ef -> bd4448d608bb0a8e9b53f63ad2d349a6
  custom:scripting/monoscript/fileName/ExometricBulletStruct.cs: 21a7e8882079b7cd526d843435b11d84 -> fdbeea408e35c918ae33558b635d63c4
  custom:scripting/monoscript/fileName/OnTrackParentChildChanged.cs: be3af4317364d6bb82f981864bd3122a -> 6d88f307aad09704075656159b23d57b
  custom:audio-encoder-webm-vorbis: bf7c407c2cedff20999df2af8eb42d56 -> 
  custom:scripting/monoscript/fileName/MeshDeformerBehaviour.cs: 9b0c40a902620ad3bab1f0cc2919fedd -> d6146497c9a704e95f6a25af6c5196e1
========================================================================
Received Import Request.
  Time since last request: 141.891008 seconds.
  path: Packages/com.unity.render-pipelines.universal/Runtime/Materials/Lit.mat
  artifactKey: Guid(31321ba15b8f8eb4c954353edc038b1d) Importer(815301076,1909f56bfc062723c751e8b465ee728b)
Start importing Packages/com.unity.render-pipelines.universal/Runtime/Materials/Lit.mat using Guid(31321ba15b8f8eb4c954353edc038b1d) Importer(815301076,1909f56bfc062723c751e8b465ee728b)  -> (artifact id: '8c4d331cdd3d3a0732e7f594ee53ba7d') in 0.481969 seconds
Number of updated asset objects reloaded before import = 0
Number of asset objects unloaded after import = 19
========================================================================
Received Import Request.
  Time since last request: 98.340710 seconds.
  path: Assets/ExometricBullet/Player/New Scene.unity
  artifactKey: Guid(bcb78da5a6391be4cadc364fe223655b) Importer(815301076,1909f56bfc062723c751e8b465ee728b)
Start importing Assets/ExometricBullet/Player/New Scene.unity using Guid(bcb78da5a6391be4cadc364fe223655b) Importer(815301076,1909f56bfc062723c751e8b465ee728b)  -> (artifact id: 'f6a969523f1ce3ff46a1184c66cb884a') in 0.001090 seconds
Number of updated asset objects reloaded before import = 3
Number of asset objects unloaded after import = 0
========================================================================
Received Import Request.
  Time since last request: 29.223463 seconds.
  path: Assets/ExometricBullet/_SceneComponents/_Scene/ExometricBullet.unity
  artifactKey: Guid(158b57029651aaf4897225e7d4cda6f2) Importer(815301076,1909f56bfc062723c751e8b465ee728b)
Start importing Assets/ExometricBullet/_SceneComponents/_Scene/ExometricBullet.unity using Guid(158b57029651aaf4897225e7d4cda6f2) Importer(815301076,1909f56bfc062723c751e8b465ee728b)  -> (artifact id: 'e4a0923f630d9af02dda09781eae7af5') in 0.001086 seconds
Number of updated asset objects reloaded before import = 0
Number of asset objects unloaded after import = 0
========================================================================
Received Import Request.
  Time since last request: 41.509122 seconds.
  path: Assets/ExometricBullet/_SceneComponents/Prefabs/ExometricBulletController.prefab
  artifactKey: Guid(7de75acd5c9c4d546b4771a7f652bbd1) Importer(815301076,1909f56bfc062723c751e8b465ee728b)
Start importing Assets/ExometricBullet/_SceneComponents/Prefabs/ExometricBulletController.prefab using Guid(7de75acd5c9c4d546b4771a7f652bbd1) Importer(815301076,1909f56bfc062723c751e8b465ee728b)  -> (artifact id: '9a517e2dbf0574efe214dd9fdda42299') in 0.019321 seconds
Number of updated asset objects reloaded before import = 0
Number of asset objects unloaded after import = 5
========================================================================
Received Import Request.
  Time since last request: 26.804420 seconds.
  path: Assets/ExometricBullet/Player/New Scene.unity
  artifactKey: Guid(bcb78da5a6391be4cadc364fe223655b) Importer(815301076,1909f56bfc062723c751e8b465ee728b)
Start importing Assets/ExometricBullet/Player/New Scene.unity using Guid(bcb78da5a6391be4cadc364fe223655b) Importer(815301076,1909f56bfc062723c751e8b465ee728b)  -> (artifact id: 'd5a58bf172322936b4345a67b50c9087') in 0.000779 seconds
Number of updated asset objects reloaded before import = 0
Number of asset objects unloaded after import = 0
========================================================================
Received Import Request.
  Time since last request: 39.234798 seconds.
  path: Assets/ExometricBullet/_SceneComponents/_Scene/New Scene.unity
  artifactKey: Guid(bcb78da5a6391be4cadc364fe223655b) Importer(815301076,1909f56bfc062723c751e8b465ee728b)
Start importing Assets/ExometricBullet/_SceneComponents/_Scene/New Scene.unity using Guid(bcb78da5a6391be4cadc364fe223655b) Importer(815301076,1909f56bfc062723c751e8b465ee728b)  -> (artifact id: '0c4b7d283234a1e089a67bb10be8119a') in 0.000786 seconds
Number of updated asset objects reloaded before import = 0
Number of asset objects unloaded after import = 0
========================================================================
Received Import Request.
  Time since last request: 1.633480 seconds.
  path: Assets/ExometricBullet/_SceneComponents/_Scene/ExometricBullet.unity
  artifactKey: Guid(bcb78da5a6391be4cadc364fe223655b) Importer(815301076,1909f56bfc062723c751e8b465ee728b)
Start importing Assets/ExometricBullet/_SceneComponents/_Scene/ExometricBullet.unity using Guid(bcb78da5a6391be4cadc364fe223655b) Importer(815301076,1909f56bfc062723c751e8b465ee728b)  -> (artifact id: 'eb041eab05d304e99b46de44fe754fb4') in 0.000760 seconds
Number of updated asset objects reloaded before import = 0
Number of asset objects unloaded after import = 0
========================================================================
Received Import Request.
  Time since last request: 21.106921 seconds.
  path: Assets/ExometricBullet/Player/Ground.mat
  artifactKey: Guid(56ddaf928b41a1a44b2923b0fc35cf62) Importer(815301076,1909f56bfc062723c751e8b465ee728b)
Start importing Assets/ExometricBullet/Player/Ground.mat using Guid(56ddaf928b41a1a44b2923b0fc35cf62) Importer(815301076,1909f56bfc062723c751e8b465ee728b)  -> (artifact id: '4b892ae889619564ebc49cc893c6e861') in 0.058996 seconds
Number of updated asset objects reloaded before import = 0
Number of asset objects unloaded after import = 2
========================================================================
Received Import Request.
  Time since last request: 7.682050 seconds.
  path: Assets/ExometricBullet/Player/Rendering
  artifactKey: Guid(ec7711a515d604b4bac3dcf5b0bb1dc7) Importer(815301076,1909f56bfc062723c751e8b465ee728b)
Start importing Assets/ExometricBullet/Player/Rendering using Guid(ec7711a515d604b4bac3dcf5b0bb1dc7) Importer(815301076,1909f56bfc062723c751e8b465ee728b)  -> (artifact id: 'bd5f49e65c333bff590b8760c649f895') in 0.000609 seconds
Number of updated asset objects reloaded before import = 0
Number of asset objects unloaded after import = 0
========================================================================
Received Prepare
Begin MonoManager ReloadAssembly
Symbol file LoadedFromMemory is not a mono symbol file
- Loaded All Assemblies, in  1.421 seconds
Refreshing native plugins compatible for Editor in 13.73 ms, found 3 plugins.
Native extension for WindowsStandalone target not found
Native extension for Android target not found
Native extension for WebGL target not found
[Package Manager] Server::EnsureServerProcessIsRunning -- launch failed, reason: Unity was launched with the -noUpm command-line argument
[Package Manager] UpmClient::Send -- Unable to send message (not connected to UPM process).
[Package Manager] Cannot connect to Unity Package Manager local server
Mono: successfully reloaded assembly
- Finished resetting the current domain, in  4.438 seconds
Domain Reload Profiling: 5850ms
	BeginReloadAssembly (329ms)
		ExecutionOrderSort (0ms)
		DisableScriptedObjects (23ms)
		BackupInstance (0ms)
		ReleaseScriptingObjects (0ms)
		CreateAndSetChildDomain (87ms)
	RebuildCommonClasses (55ms)
	RebuildNativeTypeToScriptingClass (26ms)
	initialDomainReloadingComplete (254ms)
	LoadAllAssembliesAndSetupDomain (743ms)
		LoadAssemblies (852ms)
		RebuildTransferFunctionScriptingTraits (0ms)
		AnalyzeDomain (47ms)
			TypeCache.Refresh (10ms)
				TypeCache.ScanAssembly (0ms)
			ScanForSourceGeneratedMonoScriptInfo (0ms)
			ResolveRequiredComponents (35ms)
	FinalizeReload (4443ms)
		ReleaseScriptCaches (0ms)
		RebuildScriptCaches (0ms)
		SetupLoadedEditorAssemblies (2121ms)
			LogAssemblyErrors (0ms)
			InitializePlatformSupportModulesInManaged (77ms)
			SetLoadedEditorAssemblies (13ms)
			RefreshPlugins (0ms)
			BeforeProcessingInitializeOnLoad (562ms)
			ProcessInitializeOnLoadAttributes (1235ms)
			ProcessInitializeOnLoadMethodAttributes (204ms)
			AfterProcessingInitializeOnLoad (29ms)
			EditorAssembliesLoaded (1ms)
		ExecutionOrderSort2 (0ms)
		AwakeInstancesAfterBackupRestoration (75ms)
Refreshing native plugins compatible for Editor in 24.16 ms, found 3 plugins.
Preloading 0 native plugins for Editor in 0.00 ms.
Unloading 5553 Unused Serialized files (Serialized files now loaded: 0)
Unloading 50 unused Assets / (392.0 KB). Loaded Objects now: 6437.
Memory consumption went from 204.7 MB to 204.3 MB.
Total: 9.164100 ms (FindLiveObjects: 0.656600 ms CreateObjectMapping: 0.767100 ms MarkObjects: 7.584600 ms  DeleteObjects: 0.154300 ms)

Prepare: number of updated asset objects reloaded= 0
AssetImportParameters requested are different than current active one (requested -> active):
  custom:scripting/monoscript/fileName/WorldObjectBehaviour.cs: b9d355b7669052715e80516e510754bf -> 
  custom:container-demuxer-ogg: 62fdf1f143b41e24485cea50d1cbac27 -> 
  custom:scripting/monoscript/fileName/ObjectInstantiationInEditMode.cs: 62eae16549db141c1c7f4521d6b3c85d -> 22fb6bb7b712edb0a25cea396953fae1
  custom:scripting/monoscript/fileName/DeformerRaycastBehaviour.cs: 53705e861c8b561ac10bf2fd175e0b5f -> c3e991dd14d2cbaaa57f5718b7b86634
  custom:video-decoder-ogg-theora: a1e56fd34408186e4bbccfd4996cb3dc -> 
  custom:framework-win-MediaFoundation: 216162199b28c13a410421893ffa2e32 -> 
  custom:scripting/monoscript/fileName/CollisionTest.cs: 620015d589c27f56247e8af9f26bcbb0 -> 753de00a788599f4c888bbab1564b46b
  custom:CustomObjectIndexerAttribute: a3ef5dd2817f97addfee359851a9dba5 -> 
  custom:container-demuxer-webm: 4f35f7cbe854078d1ac9338744f61a02 -> 
  custom:container-muxer-webm: aa71ff27fc2769a1b78a27578f13a17b -> 
  custom:video-decoder-webm-vp8: 9c59270c3fd7afecdb556c50c9e8de78 -> 
  custom:SearchIndexIgnoredProperties: e643bd26f0fe6173181afceb89e7c659 -> 
  custom:AudioImporter_EditorPlatform: d09bf68614088b80899f8185d706f6e7 -> 
  custom:scripting/monoscript/fileName/UIExometricBullet.cs: 3632acd24a17371c47d4035e2d8fdd43 -> 2a6f687fe202bfa7629f5425508636f7
  custom:scripting/monoscript/fileName/AtirarBola.cs: d259c3fb8a711b6be4d7881c8096bf80 -> 2d53b7f7335d788c2979182b08505116
  custom:scripting/monoscript/fileName/ObjectInstantiationEditor.cs: 9f3113c440321366e673ea0bd9c1f641 -> 089cda8b74284a7db0d0033bb3a2dde7
  custom:video-encoder-webm-vp8: eb34c28f22e8b96e1ab97ce403110664 -> 
  custom:audio-decoder-ogg-vorbis: bf7c407c2cedff20999df2af8eb42d56 -> 
  custom:scripting/monoscript/fileName/BallBehaviour.cs: 42ab7467bbf3e1c2349a12cd4c07d032 -> b8911b7374aaa07483aeb1bb5f9ffb57
  custom:scripting/monoscript/fileName/ExometricBulletController.cs: a85a4107cc380ddef6a79a2cbc5897ef -> bd4448d608bb0a8e9b53f63ad2d349a6
  custom:scripting/monoscript/fileName/ExometricBulletStruct.cs: 21a7e8882079b7cd526d843435b11d84 -> fdbeea408e35c918ae33558b635d63c4
  custom:scripting/monoscript/fileName/OnTrackParentChildChanged.cs: be3af4317364d6bb82f981864bd3122a -> 6d88f307aad09704075656159b23d57b
  custom:audio-encoder-webm-vorbis: bf7c407c2cedff20999df2af8eb42d56 -> 
  custom:scripting/monoscript/fileName/MeshDeformerBehaviour.cs: 9b0c40a902620ad3bab1f0cc2919fedd -> d6146497c9a704e95f6a25af6c5196e1
========================================================================
Received Import Request.
  Time since last request: 113.398079 seconds.
  path: Assets/ExometricBullet/Player/Rendering/New Universal Render Pipeline Asset.asset
  artifactKey: Guid(9358e2392d2bba34cba036267b3cba0c) Importer(815301076,1909f56bfc062723c751e8b465ee728b)
Start importing Assets/ExometricBullet/Player/Rendering/New Universal Render Pipeline Asset.asset using Guid(9358e2392d2bba34cba036267b3cba0c) Importer(815301076,1909f56bfc062723c751e8b465ee728b)  -> (artifact id: '7c23686f767ea4416ae8b2fbd82d8fc6') in 0.038414 seconds
Number of updated asset objects reloaded before import = 1
Number of asset objects unloaded after import = 0
========================================================================
Received Prepare
Begin MonoManager ReloadAssembly
Symbol file LoadedFromMemory is not a mono symbol file
- Loaded All Assemblies, in  1.304 seconds
Refreshing native plugins compatible for Editor in 13.04 ms, found 3 plugins.
Native extension for WindowsStandalone target not found
Native extension for Android target not found
Native extension for WebGL target not found
[Package Manager] Server::EnsureServerProcessIsRunning -- launch failed, reason: Unity was launched with the -noUpm command-line argument
[Package Manager] UpmClient::Send -- Unable to send message (not connected to UPM process).
[Package Manager] Cannot connect to Unity Package Manager local server
Mono: successfully reloaded assembly
- Finished resetting the current domain, in  3.905 seconds
Domain Reload Profiling: 5197ms
	BeginReloadAssembly (333ms)
		ExecutionOrderSort (0ms)
		DisableScriptedObjects (17ms)
		BackupInstance (0ms)
		ReleaseScriptingObjects (0ms)
		CreateAndSetChildDomain (82ms)
	RebuildCommonClasses (90ms)
	RebuildNativeTypeToScriptingClass (15ms)
	initialDomainReloadingComplete (70ms)
	LoadAllAssembliesAndSetupDomain (782ms)
		LoadAssemblies (896ms)
		RebuildTransferFunctionScriptingTraits (0ms)
		AnalyzeDomain (52ms)
			TypeCache.Refresh (27ms)
				TypeCache.ScanAssembly (0ms)
			ScanForSourceGeneratedMonoScriptInfo (0ms)
			ResolveRequiredComponents (23ms)
	FinalizeReload (3907ms)
		ReleaseScriptCaches (0ms)
		RebuildScriptCaches (0ms)
		SetupLoadedEditorAssemblies (1741ms)
			LogAssemblyErrors (0ms)
			InitializePlatformSupportModulesInManaged (63ms)
			SetLoadedEditorAssemblies (10ms)
			RefreshPlugins (0ms)
			BeforeProcessingInitializeOnLoad (304ms)
			ProcessInitializeOnLoadAttributes (1114ms)
			ProcessInitializeOnLoadMethodAttributes (221ms)
			AfterProcessingInitializeOnLoad (27ms)
			EditorAssembliesLoaded (1ms)
		ExecutionOrderSort2 (0ms)
		AwakeInstancesAfterBackupRestoration (59ms)
Refreshing native plugins compatible for Editor in 20.48 ms, found 3 plugins.
Preloading 0 native plugins for Editor in 0.00 ms.
Unloading 5553 Unused Serialized files (Serialized files now loaded: 0)
Unloading 50 unused Assets / (392.0 KB). Loaded Objects now: 6454.
Memory consumption went from 206.5 MB to 206.1 MB.
Total: 8.784300 ms (FindLiveObjects: 1.277900 ms CreateObjectMapping: 0.759200 ms MarkObjects: 6.571500 ms  DeleteObjects: 0.174100 ms)

Prepare: number of updated asset objects reloaded= 0
AssetImportParameters requested are different than current active one (requested -> active):
  custom:scripting/monoscript/fileName/WorldObjectBehaviour.cs: b9d355b7669052715e80516e510754bf -> 
  custom:container-demuxer-ogg: 62fdf1f143b41e24485cea50d1cbac27 -> 
  custom:scripting/monoscript/fileName/ObjectInstantiationInEditMode.cs: 62eae16549db141c1c7f4521d6b3c85d -> 22fb6bb7b712edb0a25cea396953fae1
  custom:scripting/monoscript/fileName/DeformerRaycastBehaviour.cs: 53705e861c8b561ac10bf2fd175e0b5f -> c3e991dd14d2cbaaa57f5718b7b86634
  custom:video-decoder-ogg-theora: a1e56fd34408186e4bbccfd4996cb3dc -> 
  custom:framework-win-MediaFoundation: 216162199b28c13a410421893ffa2e32 -> 
  custom:scripting/monoscript/fileName/CollisionTest.cs: 620015d589c27f56247e8af9f26bcbb0 -> 753de00a788599f4c888bbab1564b46b
  custom:CustomObjectIndexerAttribute: a3ef5dd2817f97addfee359851a9dba5 -> 
  custom:container-demuxer-webm: 4f35f7cbe854078d1ac9338744f61a02 -> 
  custom:container-muxer-webm: aa71ff27fc2769a1b78a27578f13a17b -> 
  custom:video-decoder-webm-vp8: 9c59270c3fd7afecdb556c50c9e8de78 -> 
  custom:SearchIndexIgnoredProperties: e643bd26f0fe6173181afceb89e7c659 -> 
  custom:AudioImporter_EditorPlatform: d09bf68614088b80899f8185d706f6e7 -> 
  custom:scripting/monoscript/fileName/UIExometricBullet.cs: 3632acd24a17371c47d4035e2d8fdd43 -> 2a6f687fe202bfa7629f5425508636f7
  custom:scripting/monoscript/fileName/AtirarBola.cs: d259c3fb8a711b6be4d7881c8096bf80 -> 2d53b7f7335d788c2979182b08505116
  custom:scripting/monoscript/fileName/ObjectInstantiationEditor.cs: 9f3113c440321366e673ea0bd9c1f641 -> 089cda8b74284a7db0d0033bb3a2dde7
  custom:video-encoder-webm-vp8: eb34c28f22e8b96e1ab97ce403110664 -> 
  custom:audio-decoder-ogg-vorbis: bf7c407c2cedff20999df2af8eb42d56 -> 
  custom:scripting/monoscript/fileName/BallBehaviour.cs: 42ab7467bbf3e1c2349a12cd4c07d032 -> b8911b7374aaa07483aeb1bb5f9ffb57
  custom:scripting/monoscript/fileName/ExometricBulletController.cs: a85a4107cc380ddef6a79a2cbc5897ef -> bd4448d608bb0a8e9b53f63ad2d349a6
  custom:scripting/monoscript/fileName/ExometricBulletStruct.cs: 21a7e8882079b7cd526d843435b11d84 -> fdbeea408e35c918ae33558b635d63c4
  custom:scripting/monoscript/fileName/OnTrackParentChildChanged.cs: be3af4317364d6bb82f981864bd3122a -> 6d88f307aad09704075656159b23d57b
  custom:audio-encoder-webm-vorbis: bf7c407c2cedff20999df2af8eb42d56 -> 
  custom:scripting/monoscript/fileName/MeshDeformerBehaviour.cs: 9b0c40a902620ad3bab1f0cc2919fedd -> d6146497c9a704e95f6a25af6c5196e1
